<?xml version="1.0" encoding="UTF-8"?>
<testng-results ignored="0" total="1" passed="1" failed="0" skipped="0">
  <reporter-output>
  </reporter-output>
  <suite started-at="2024-01-25T09:55:36 IST" name="Default suite" finished-at="2024-01-25T09:55:44 IST" duration-ms="7884">
    <groups>
    </groups>
    <test started-at="2024-01-25T09:55:36 IST" name="Default test" finished-at="2024-01-25T09:55:44 IST" duration-ms="7884">
      <class name="TestScripts.TC01_RegisterTest">
        <test-method signature="registerTestCase()[pri:0, instance:TestScripts.TC01_RegisterTest@3427b02d]" started-at="2024-01-25T09:55:36 IST" name="registerTestCase" finished-at="2024-01-25T09:55:44 IST" duration-ms="7816" status="PASS">
          <reporter-output>
          </reporter-output>
        </test-method> <!-- registerTestCase -->
      </class> <!-- TestScripts.TC01_RegisterTest -->
    </test> <!-- Default test -->
  </suite> <!-- Default suite -->
</testng-results>
